<?xml version="1.0" encoding="UTF-8"?>
<!-- Generated by org.testng.reporters.JUnitReportReporter -->
<testsuite hostname="ArunMotoori" failures="0" tests="1" name="doubts.BookCart" time="86.260" errors="0" timestamp="2024-04-04T09:16:29 IST" skipped="0">
  <testcase classname="doubts.BookCart" name="bookCartPricesTestOne" time="86.260"/>
</testsuite> <!-- doubts.BookCart -->
